# JRE version: Java(TM) SE Runtime Environment (8.0_40-b26) (build 1.8.0_40-b26)
# Java VM: Java HotSpot(TM) 64-Bit Server VM (25.40-b25 mixed mode linux-amd64 compressed oops)
Heap:
 PSYoungGen      total 342528K, used 172507K [0x00000000d5580000, 0x00000000ef880000, 0x0000000100000000)
  eden space 319488K, 53% used [0x00000000d5580000,0x00000000dfdf6e80,0x00000000e8d80000)
  from space 23040K, 0% used [0x00000000ea980000,0x00000000ea980000,0x00000000ec000000)
  to   space 28672K, 0% used [0x00000000e8d80000,0x00000000e8d80000,0x00000000ea980000)
 ParOldGen       total 286208K, used 63428K [0x0000000080000000, 0x0000000091780000, 0x00000000d5580000)
  object space 286208K, 22% used [0x0000000080000000,0x0000000083df11d0,0x0000000091780000)
 Metaspace       used 60981K, capacity 61596K, committed 62296K, reserved 1101824K
  class space    used 8798K, capacity 8966K, committed 9088K, reserved 1048576K
GC Heap History (10 events):
Event: 2.699 GC heap before
{Heap before GC invocations=5 (full 1):
 PSYoungGen      total 141824K, used 131072K [0x00000000d5580000, 0x00000000e6a80000, 0x0000000100000000)
  eden space 131072K, 100% used [0x00000000d5580000,0x00000000dd580000,0x00000000dd580000)
  from space 10752K, 0% used [0x00000000dd580000,0x00000000dd580000,0x00000000de000000)
  to   space 10752K, 0% used [0x00000000e6000000,0x00000000e6000000,0x00000000e6a80000)
 ParOldGen       total 175104K, used 26031K [0x0000000080000000, 0x000000008ab00000, 0x00000000d5580000)
  object space 175104K, 14% used [0x0000000080000000,0x000000008196bc48,0x000000008ab00000)
 Metaspace       used 28860K, capacity 29090K, committed 29440K, reserved 1075200K
  class space    used 3488K, capacity 3544K, committed 3584K, reserved 1048576K
Event: 2.716 GC heap after
Heap after GC invocations=5 (full 1):
 PSYoungGen      total 217088K, used 10750K [0x00000000d5580000, 0x00000000e6a80000, 0x0000000100000000)
  eden space 206336K, 0% used [0x00000000d5580000,0x00000000d5580000,0x00000000e1f00000)
  from space 10752K, 99% used [0x00000000e6000000,0x00000000e6a7fbb8,0x00000000e6a80000)
  to   space 10752K, 0% used [0x00000000e5580000,0x00000000e5580000,0x00000000e6000000)
 ParOldGen       total 175104K, used 26761K [0x0000000080000000, 0x000000008ab00000, 0x00000000d5580000)
  object space 175104K, 15% used [0x0000000080000000,0x0000000081a224a8,0x000000008ab00000)
 Metaspace       used 28860K, capacity 29090K, committed 29440K, reserved 1075200K
  class space    used 3488K, capacity 3544K, committed 3584K, reserved 1048576K
}
Event: 3.468 GC heap before
{Heap before GC invocations=6 (full 1):
 PSYoungGen      total 217088K, used 156603K [0x00000000d5580000, 0x00000000e6a80000, 0x0000000100000000)
  eden space 206336K, 70% used [0x00000000d5580000,0x00000000de3ef090,0x00000000e1f00000)
  from space 10752K, 99% used [0x00000000e6000000,0x00000000e6a7fbb8,0x00000000e6a80000)
  to   space 10752K, 0% used [0x00000000e5580000,0x00000000e5580000,0x00000000e6000000)
 ParOldGen       total 175104K, used 26761K [0x0000000080000000, 0x000000008ab00000, 0x00000000d5580000)
  object space 175104K, 15% used [0x0000000080000000,0x0000000081a224a8,0x000000008ab00000)
 Metaspace       used 34843K, capacity 35188K, committed 35456K, reserved 1081344K
  class space    used 4300K, capacity 4423K, committed 4480K, reserved 1048576K
Event: 3.481 GC heap after
Heap after GC invocations=6 (full 1):
 PSYoungGen      total 272896K, used 10725K [0x00000000d5580000, 0x00000000ec000000, 0x0000000100000000)
  eden space 262144K, 0% used [0x00000000d5580000,0x00000000d5580000,0x00000000e5580000)
  from space 10752K, 99% used [0x00000000e5580000,0x00000000e5ff9510,0x00000000e6000000)
  to   space 23040K, 0% used [0x00000000ea980000,0x00000000ea980000,0x00000000ec000000)
 ParOldGen       total 175104K, used 33146K [0x0000000080000000, 0x000000008ab00000, 0x00000000d5580000)
  object space 175104K, 18% used [0x0000000080000000,0x000000008205eb08,0x000000008ab00000)
 Metaspace       used 34843K, capacity 35188K, committed 35456K, reserved 1081344K
  class space    used 4300K, capacity 4423K, committed 4480K, reserved 1048576K
}
Event: 3.481 GC heap before
{Heap before GC invocations=7 (full 2):
 PSYoungGen      total 272896K, used 10725K [0x00000000d5580000, 0x00000000ec000000, 0x0000000100000000)
  eden space 262144K, 0% used [0x00000000d5580000,0x00000000d5580000,0x00000000e5580000)
  from space 10752K, 99% used [0x00000000e5580000,0x00000000e5ff9510,0x00000000e6000000)
  to   space 23040K, 0% used [0x00000000ea980000,0x00000000ea980000,0x00000000ec000000)
 ParOldGen       total 175104K, used 33146K [0x0000000080000000, 0x000000008ab00000, 0x00000000d5580000)
  object space 175104K, 18% used [0x0000000080000000,0x000000008205eb08,0x000000008ab00000)
 Metaspace       used 34843K, capacity 35188K, committed 35456K, reserved 1081344K
  class space    used 4300K, capacity 4423K, committed 4480K, reserved 1048576K
Event: 3.544 GC heap after
Heap after GC invocations=7 (full 2):
 PSYoungGen      total 272896K, used 0K [0x00000000d5580000, 0x00000000ec000000, 0x0000000100000000)
  eden space 262144K, 0% used [0x00000000d5580000,0x00000000d5580000,0x00000000e5580000)
  from space 10752K, 0% used [0x00000000e5580000,0x00000000e5580000,0x00000000e6000000)
  to   space 23040K, 0% used [0x00000000ea980000,0x00000000ea980000,0x00000000ec000000)
 ParOldGen       total 206336K, used 41778K [0x0000000080000000, 0x000000008c980000, 0x00000000d5580000)
  object space 206336K, 20% used [0x0000000080000000,0x00000000828cc888,0x000000008c980000)
 Metaspace       used 34843K, capacity 35188K, committed 35456K, reserved 1081344K
  class space    used 4300K, capacity 4423K, committed 4480K, reserved 1048576K
}
Event: 6.181 GC heap before
{Heap before GC invocations=8 (full 2):
 PSYoungGen      total 272896K, used 232895K [0x00000000d5580000, 0x00000000ec000000, 0x0000000100000000)
  eden space 262144K, 88% used [0x00000000d5580000,0x00000000e38efd28,0x00000000e5580000)
  from space 10752K, 0% used [0x00000000e5580000,0x00000000e5580000,0x00000000e6000000)
  to   space 23040K, 0% used [0x00000000ea980000,0x00000000ea980000,0x00000000ec000000)
 ParOldGen       total 206336K, used 41778K [0x0000000080000000, 0x000000008c980000, 0x00000000d5580000)
  object space 206336K, 20% used [0x0000000080000000,0x00000000828cc888,0x000000008c980000)
 Metaspace       used 57952K, capacity 58534K, committed 59096K, reserved 1099776K
  class space    used 8553K, capacity 8675K, committed 8704K, reserved 1048576K
Event: 6.239 GC heap after
Heap after GC invocations=8 (full 2):
 PSYoungGen      total 342528K, used 23023K [0x00000000d5580000, 0x00000000ef880000, 0x0000000100000000)
  eden space 319488K, 0% used [0x00000000d5580000,0x00000000d5580000,0x00000000e8d80000)
  from space 23040K, 99% used [0x00000000ea980000,0x00000000ebffbcd0,0x00000000ec000000)
  to   space 28672K, 0% used [0x00000000e8d80000,0x00000000e8d80000,0x00000000ea980000)
 ParOldGen       total 206336K, used 46588K [0x0000000080000000, 0x000000008c980000, 0x00000000d5580000)
  object space 206336K, 22% used [0x0000000080000000,0x0000000082d7f148,0x000000008c980000)
 Metaspace       used 57952K, capacity 58534K, committed 59096K, reserved 1099776K
  class space    used 8553K, capacity 8675K, committed 8704K, reserved 1048576K
}
Event: 6.239 GC heap before
{Heap before GC invocations=9 (full 3):
 PSYoungGen      total 342528K, used 23023K [0x00000000d5580000, 0x00000000ef880000, 0x0000000100000000)
  eden space 319488K, 0% used [0x00000000d5580000,0x00000000d5580000,0x00000000e8d80000)
  from space 23040K, 99% used [0x00000000ea980000,0x00000000ebffbcd0,0x00000000ec000000)
  to   space 28672K, 0% used [0x00000000e8d80000,0x00000000e8d80000,0x00000000ea980000)
 ParOldGen       total 206336K, used 46588K [0x0000000080000000, 0x000000008c980000, 0x00000000d5580000)
  object space 206336K, 22% used [0x0000000080000000,0x0000000082d7f148,0x000000008c980000)
 Metaspace       used 57952K, capacity 58534K, committed 59096K, reserved 1099776K
  class space    used 8553K, capacity 8675K, committed 8704K, reserved 1048576K
Event: 6.373 GC heap after
Heap after GC invocations=9 (full 3):
 PSYoungGen      total 342528K, used 0K [0x00000000d5580000, 0x00000000ef880000, 0x0000000100000000)
  eden space 319488K, 0% used [0x00000000d5580000,0x00000000d5580000,0x00000000e8d80000)
  from space 23040K, 0% used [0x00000000ea980000,0x00000000ea980000,0x00000000ec000000)
  to   space 28672K, 0% used [0x00000000e8d80000,0x00000000e8d80000,0x00000000ea980000)
 ParOldGen       total 286208K, used 63428K [0x0000000080000000, 0x0000000091780000, 0x00000000d5580000)
  object space 286208K, 22% used [0x0000000080000000,0x0000000083df11d0,0x0000000091780000)
 Metaspace       used 57952K, capacity 58534K, committed 59096K, reserved 1099776K
  class space    used 8553K, capacity 8675K, committed 8704K, reserved 1048576K
}

